<?xml version="1.0" encoding="UTF-8"?>
<!-- Generated by org.testng.reporters.JUnitXMLReporter -->
<testsuite ignored="0" hostname="DESKTOP-3LK1083" failures="0" tests="6" name="Freelisting" time="53.743" errors="0" timestamp="04 Aug 2021 10:53:01 GMT">
  <testcase classname="com.justdial.testcases.FreelistingTestCases" name="launch" time="12.808"/>
  <testcase classname="com.justdial.testcases.FreelistingTestCases" name="allNullValues" time="2.847"/>
  <testcase classname="com.justdial.testcases.FreelistingTestCases" name="companyNullValue" time="1.12"/>
  <testcase classname="com.justdial.testcases.FreelistingTestCases" name="mobileNullValue" time="5.388"/>
  <testcase classname="com.justdial.testcases.FreelistingTestCases" name="cityNullvalue" time="4.934"/>
  <testcase classname="com.justdial.testcases.FreelistingTestCases" name="validDataTest" time="3.697"/>
</testsuite> <!-- Freelisting -->
