<?xml version="1.0" encoding="UTF-8"?>
<!-- Generated by org.testng.reporters.JUnitXMLReporter -->
<testsuite ignored="0" hostname="DESKTOP-3LK1083" failures="0" tests="10" name="Homepage" time="145.064" errors="0" timestamp="04 Aug 2021 10:52:07 GMT">
  <testcase classname="com.justdial.testcases.HomepageTestCases" name="websiteTest" time="0.221"/>
  <testcase classname="com.justdial.testcases.HomepageTestCases" name="elementsTest" time="0.662"/>
  <testcase classname="com.justdial.testcases.HomepageTestCases" name="loginPageTest" time="0.851"/>
  <testcase classname="com.justdial.testcases.HomepageTestCases" name="locationTest" time="7.701"/>
  <testcase classname="com.justdial.testcases.HomepageTestCases" name="searchingTest" time="5.136"/>
  <testcase classname="com.justdial.testcases.HomepageTestCases" name="resultPageTest" time="0.131"/>
  <testcase classname="com.justdial.testcases.HomepageTestCases" name="bestdealsTest" time="2.958"/>
  <testcase classname="com.justdial.testcases.HomepageTestCases" name="ratingCheck" time="0.316"/>
  <testcase classname="com.justdial.testcases.HomepageTestCases" name="printData" time="67.806"/>
  <testcase classname="com.justdial.testcases.HomepageTestCases" name="dataFromMenubar" time="14.565"/>
</testsuite> <!-- Homepage -->
