<?xml version="1.0" encoding="UTF-8"?>
<!-- Generated by org.testng.reporters.JUnitXMLReporter -->
<testsuite ignored="0" hostname="DESKTOP-VCLKQSN" failures="0" tests="3" name="Test" time="31.671" errors="0" timestamp="14 May 2021 12:48:57 GMT">
  <testcase classname="com.justdial.testcases.HomepageTestCases" name="websiteTest" time="0.048"/>
  <testcase classname="com.justdial.testcases.FreelistingTestCases" name="launch" time="9.951"/>
  <testcase classname="com.justdial.testcases.FitnessTestCases" name="fitness" time="2.868"/>
</testsuite> <!-- Test -->
