<?xml version="1.0" encoding="UTF-8"?>
<!-- Generated by org.testng.reporters.JUnitXMLReporter -->
<testsuite ignored="0" hostname="DESKTOP-3LK1083" failures="0" tests="6" name="Default test" time="53.136" errors="0" timestamp="04 Aug 2021 13:04:38 GMT">
  <testcase classname="com.justdial.testcases.FreelistingTestCases" name="launch" time="10.713"/>
  <testcase classname="com.justdial.testcases.FreelistingTestCases" name="allNullValues" time="2.778"/>
  <testcase classname="com.justdial.testcases.FreelistingTestCases" name="companyNullValue" time="1.072"/>
  <testcase classname="com.justdial.testcases.FreelistingTestCases" name="mobileNullValue" time="5.431"/>
  <testcase classname="com.justdial.testcases.FreelistingTestCases" name="cityNullvalue" time="4.906"/>
  <testcase classname="com.justdial.testcases.FreelistingTestCases" name="validDataTest" time="3.851"/>
</testsuite> <!-- Default test -->
